not time yet
not time yet
not time yet
now its time
not time yet
not time yet
not time yet
now its time
not time yet
not time yet
not time yet
now its time
not time yet
not time yet
not time yet
now its time
not time yet
not time yet
not time yet
now its time
not time yet
not time yet
not time yet
now its time
not time yet
not time yet
not time yet
now its time
not time yet
not time yet
not time yet
now its time
not time yet
not time yet
not time yet
now its time
not time yet
not time yet
not time yet
now its time
not time yet
not time yet
not time yet
now its time
not time yet
not time yet
not time yet
now its time
not time yet
not time yet
not time yet
now its time
not time yet
not time yet
not time yet
now its time
not time yet
not time yet
not time yet
now its time
not time yet
not time yet
not time yet
now its time
not time yet
not time yet
not time yet
now its time
not time yet
not time yet
not time yet
now its time
not time yet
not time yet
not time yet
now its time
not time yet
not time yet
not time yet
now its time
not time yet
not time yet
not time yet
now its time
not time yet
not time yet
not time yet
now its time
not time yet
not time yet
7
trying to add 1.txt
finished add of 1.txt
trying to add 2.txt
finished add of 2.txt
trying to add 3.txt
finished add of 3.txt
not time yet
trying to add 4.txt
finished add of 4.txt
trying to add 5.txt
finished add of 5.txt
trying to remove 5.txt
finished remove of 5.txt
3
trying to remove 4.txt
finished remove of 4.txt
trying to remove 3.txt
finished remove of 3.txt
exec error: Error: Command failed: cd ~/Projects/newProjects && rm 3.txt && git add -A && git commit -m 'tester2' && git push
fatal: cannot lock ref 'HEAD': ref refs/heads/master is at fe2ea31e670ce429d15e292f44b722c15a5f5cac but expected 5b584a3eebd13766edebf798cbbc5b9cd8cf27ef

trying to remove 2.txt
finished remove of 2.txt
not time yet
6
trying to remove 1.txt
finished remove of 1.txt
trying to add 2.txt
finished add of 2.txt
trying to add 3.txt
finished add of 3.txt
not time yet
trying to add 4.txt
finished add of 4.txt
trying to add 5.txt
finished add of 5.txt
trying to remove 5.txt
finished remove of 5.txt
6
trying to remove 4.txt
finished remove of 4.txt
trying to remove 3.txt
finished remove of 3.txt
exec error: Error: Command failed: cd ~/Projects/newProjects && rm 3.txt && git add -A && git commit -m 'tester2' && git push
fatal: Unable to create '/Users/Dain/Projects/newProjects/.git/index.lock': File exists.

Another git process seems to be running in this repository, e.g.
an editor opened by 'git commit'. Please make sure all processes
are terminated then try again. If it still fails, a git process
may have crashed in this repository earlier:
remove the file manually to continue.

trying to remove 2.txt
finished remove of 2.txt
trying to remove 1.txt
finished remove of 1.txt
exec error: Error: Command failed: cd ~/Projects/newProjects && rm 1.txt && git add -A && git commit -m 'tester2' && git push
rm: 1.txt: No such file or directory

trying to add 2.txt
finished add of 2.txt
trying to add 3.txt
finished add of 3.txt
exec error: Error: Command failed: cd ~/Projects/newProjects && touch 3.txt && git add -A && git commit -m 'tester2' && git push
fatal: Unable to create '/Users/Dain/Projects/newProjects/.git/index.lock': File exists.

Another git process seems to be running in this repository, e.g.
an editor opened by 'git commit'. Please make sure all processes
are terminated then try again. If it still fails, a git process
may have crashed in this repository earlier:
remove the file manually to continue.

not time yet
not time yet
not time yet
not time yet
not time yet
5
trying to add 1.txt
finished add of 1.txt
trying to add 2.txt
finished add of 2.txt
trying to add 3.txt
finished add of 3.txt
not time yet
trying to add 4.txt
finished add of 4.txt
trying to add 5.txt
finished add of 5.txt
not time yet
not time yet
not time yet
not time yet
3
trying to remove 5.txt
finished remove of 5.txt
trying to remove 4.txt
finished remove of 4.txt
trying to remove 3.txt
finished remove of 3.txt
not time yet
not time yet
not time yet
not time yet
not time yet
not time yet
not time yet
6
not time yet
not time yet
not time yet
not time yet
not time yet
3
not time yet
not time yet
not time yet
not time yet
not time yet
not time yet
not time yet
6
not time yet
6
exec error: Error: Command failed: cd ~/Projects/newProjects && rm 3.txt && git add -A && git commit -m '5 remove 3' && git push
fatal: Unable to create '/Users/Dain/Projects/newProjects/.git/index.lock': File exists.

Another git process seems to be running in this repository, e.g.
an editor opened by 'git commit'. Please make sure all processes
are terminated then try again. If it still fails, a git process
may have crashed in this repository earlier:
remove the file manually to continue.

exec error: Error: Command failed: cd ~/Projects/newProjects && rm 2.txt && git add -A && git commit -m '4 remove 2' && git push
fatal: Unable to create '/Users/Dain/Projects/newProjects/.git/index.lock': File exists.

Another git process seems to be running in this repository, e.g.
an editor opened by 'git commit'. Please make sure all processes
are terminated then try again. If it still fails, a git process
may have crashed in this repository earlier:
remove the file manually to continue.

exec error: Error: Command failed: cd ~/Projects/newProjects && rm 1.txt && git add -A && git commit -m '3 remove 1' && git push
fatal: Unable to create '/Users/Dain/Projects/newProjects/.git/index.lock': File exists.

Another git process seems to be running in this repository, e.g.
an editor opened by 'git commit'. Please make sure all processes
are terminated then try again. If it still fails, a git process
may have crashed in this repository earlier:
remove the file manually to continue.

exec error: Error: Command failed: cd ~/Projects/newProjects && touch 1.txt && git add -A && git commit -m '2 add 1' && git push
fatal: Unable to create '/Users/Dain/Projects/newProjects/.git/index.lock': File exists.

Another git process seems to be running in this repository, e.g.
an editor opened by 'git commit'. Please make sure all processes
are terminated then try again. If it still fails, a git process
may have crashed in this repository earlier:
remove the file manually to continue.

not time yet
exec error: Error: Command failed: cd ~/Projects/newProjects && touch 2.txt && git add -A && git commit -m '1 add 2' && git push
To https://github.com/dainchatel/newProjects.git
 ! [remote rejected] master -> master (cannot lock ref 'refs/heads/master': is at 5db426b78bf8326e6507bb9c1e332e5b2277aeb9 but expected 5b0394c2bb65ce9fc63678cbf3a33a850e180b08)
error: failed to push some refs to 'https://github.com/dainchatel/newProjects.git'

not time yet
10
not time yet
not time yet
4
exec error: Error: Command failed: cd ~/Projects/newProjects && touch 3.txt && git add -A && git commit -m '4 add 3' && git push
To https://github.com/dainchatel/newProjects.git
 ! [remote rejected] master -> master (cannot lock ref 'refs/heads/master': is at 5f7ad800257f8db8ecaa5974218c7dd0e677e330 but expected 53388751bf685f6b490439c27d5505b385392808)
error: failed to push some refs to 'https://github.com/dainchatel/newProjects.git'

exec error: Error: Command failed: cd ~/Projects/newProjects && touch 4.txt && git add -A && git commit -m '3 add 4' && git push
To https://github.com/dainchatel/newProjects.git
 ! [rejected]        master -> master (non-fast-forward)
error: failed to push some refs to 'https://github.com/dainchatel/newProjects.git'
hint: Updates were rejected because the tip of your current branch is behind
hint: its remote counterpart. Integrate the remote changes (e.g.
hint: 'git pull ...') before pushing again.
hint: See the 'Note about fast-forwards' in 'git push --help' for details.

not time yet
not time yet
11
exec error: Error: Command failed: cd ~/Projects/newProjects && touch 1.txt && git add -A && git commit -m '7 add 1' && git push
To https://github.com/dainchatel/newProjects.git
 ! [remote rejected] master -> master (cannot lock ref 'refs/heads/master': is at 697c5a725c206021fed0831145c19a427d9af50a but expected 8c0c6235cec3d8a99b8ce5482e7658d9d477d772)
error: failed to push some refs to 'https://github.com/dainchatel/newProjects.git'

not time yet
not time yet
not time yet
not time yet
not time yet
not time yet
not time yet
not time yet
not time yet
not time yet
not time yet
not time yet
not time yet
not time yet
not time yet
not time yet
not time yet
not time yet
not time yet
not time yet
not time yet
4
exec error: Error: Command failed: cd ~/Projects/newProjects && touch 2.txt && git add -A && git commit -m '3 add 2' && git push
fatal: Unable to create '/Users/Dain/Projects/newProjects/.git/index.lock': File exists.

Another git process seems to be running in this repository, e.g.
an editor opened by 'git commit'. Please make sure all processes
are terminated then try again. If it still fails, a git process
may have crashed in this repository earlier:
remove the file manually to continue.

exec error: Error: Command failed: cd ~/Projects/newProjects && touch 4.txt && git add -A && git commit -m '1 add 4' && git push
To https://github.com/dainchatel/newProjects.git
 ! [remote rejected] master -> master (cannot lock ref 'refs/heads/master': is at ee140c5bd43fad0eabf1a255004b7950337110e7 but expected c30663f823d385dac1c56d66e59cf728478073fc)
error: failed to push some refs to 'https://github.com/dainchatel/newProjects.git'

exec error: Error: Command failed: cd ~/Projects/newProjects && touch 1.txt && git add -A && git commit -m '4 add 1' && git push
To https://github.com/dainchatel/newProjects.git
 ! [remote rejected] master -> master (cannot lock ref 'refs/heads/master': is at ee140c5bd43fad0eabf1a255004b7950337110e7 but expected c30663f823d385dac1c56d66e59cf728478073fc)
error: failed to push some refs to 'https://github.com/dainchatel/newProjects.git'

not time yet
not time yet
not time yet
not time yet
not time yet
not time yet
not time yet
not time yet
not time yet
not time yet
not time yet
not time yet
not time yet
not time yet
not time yet
not time yet
not time yet
not time yet
not time yet
not time yet
not time yet
not time yet
not time yet
not time yet
not time yet
not time yet
not time yet
8
not time yet
not time yet
not time yet
not time yet
not time yet
not time yet
not time yet
not time yet
not time yet
not time yet
not time yet
10
not time yet
not time yet
not time yet
not time yet
not time yet
not time yet
not time yet
not time yet
not time yet
not time yet
not time yet
not time yet
not time yet
6
not time yet
not time yet
not time yet
not time yet
not time yet
not time yet
not time yet
not time yet
5
not time yet
not time yet
not time yet
not time yet
not time yet
not time yet
not time yet
not time yet
not time yet
not time yet
not time yet
not time yet
not time yet
not time yet
not time yet
not time yet
not time yet
11
not time yet
not time yet
not time yet
not time yet
not time yet
not time yet
not time yet
not time yet
not time yet
not time yet
not time yet
not time yet
not time yet
not time yet
not time yet
not time yet
9
not time yet
not time yet
not time yet
not time yet
not time yet
not time yet
not time yet
not time yet
not time yet
not time yet
not time yet
not time yet
not time yet
not time yet
8
not time yet
not time yet
not time yet
not time yet
not time yet
not time yet
not time yet
10
exec error: Error: Command failed: cd ~/Projects/newProjects && rm 2.txt && git add -A && git commit -m '9 remove 2' && git push
To https://github.com/dainchatel/newProjects.git
 ! [remote rejected] master -> master (cannot lock ref 'refs/heads/master': is at 0e019101b1e761ef9ec05cd5b1ae8d4584978e3f but expected ef5fef4e40682a206510b4c933e18891d8125473)
error: failed to push some refs to 'https://github.com/dainchatel/newProjects.git'

not time yet
not time yet
not time yet
not time yet
not time yet
not time yet
not time yet
not time yet
not time yet
not time yet
not time yet
not time yet
not time yet
not time yet
6
not time yet
not time yet
not time yet
not time yet
not time yet
not time yet
not time yet
not time yet
not time yet
not time yet
not time yet
not time yet
not time yet
not time yet
not time yet
not time yet
not time yet
not time yet
not time yet
not time yet
6
not time yet
not time yet
not time yet
not time yet
not time yet
not time yet
not time yet
not time yet
not time yet
not time yet
not time yet
4
not time yet
not time yet
not time yet
not time yet
not time yet
not time yet
not time yet
not time yet
not time yet
4
8
not time yet
not time yet
not time yet
not time yet
not time yet
not time yet
not time yet
not time yet
not time yet
not time yet
not time yet
not time yet
not time yet
not time yet
not time yet
not time yet
not time yet
not time yet
not time yet
not time yet
not time yet
not time yet
not time yet
not time yet
not time yet
not time yet
not time yet
not time yet
not time yet
not time yet
not time yet
not time yet
9
not time yet
not time yet
not time yet
not time yet
not time yet
not time yet
not time yet
not time yet
not time yet
not time yet
not time yet
not time yet
not time yet
not time yet
not time yet
not time yet
not time yet
not time yet
not time yet
not time yet
not time yet
not time yet
not time yet
not time yet
not time yet
not time yet
not time yet
not time yet
not time yet
not time yet
not time yet
not time yet
11
not time yet
not time yet
not time yet
not time yet
not time yet
not time yet
not time yet
not time yet
not time yet
